SF:lib/provider/location_provider.dart
DA:7,0
DA:10,0
DA:12,0
DA:13,0
DA:16,0
DA:17,0
DA:18,0
DA:24,0
DA:26,0
DA:27,0
DA:28,0
DA:32,0
DA:33,0
DA:34,0
DA:35,0
DA:36,0
DA:37,0
DA:38,0
DA:42,0
DA:43,0
DA:44,0
DA:45,0
DA:50,0
DA:52,0
DA:53,0
DA:56,0
DA:57,0
LF:27
LH:0
end_of_record
SF:lib/screens/question_flow_screen.dart
DA:7,2
DA:8,2
DA:10,2
DA:11,2
DA:20,0
DA:25,0
DA:33,2
DA:35,2
DA:36,2
DA:37,8
DA:39,2
DA:41,2
DA:42,2
DA:44,2
DA:46,2
DA:47,2
DA:48,0
DA:50,2
DA:52,4
DA:55,2
DA:56,8
DA:58,2
DA:60,4
DA:63,2
DA:64,0
DA:66,2
DA:68,4
DA:74,2
DA:76,2
DA:77,0
DA:78,0
DA:79,0
DA:83,2
DA:85,2
DA:86,0
DA:87,0
DA:88,0
DA:92,2
DA:94,2
DA:95,0
DA:96,0
DA:97,0
DA:102,2
DA:103,2
LF:44
LH:31
end_of_record
SF:lib/screens/home_screen.dart
DA:10,4
DA:12,2
DA:13,2
DA:21,2
DA:23,2
DA:24,2
DA:27,2
DA:29,4
DA:30,2
DA:37,0
DA:38,0
DA:43,0
DA:44,0
DA:46,0
DA:47,0
DA:48,0
DA:49,0
DA:59,0
DA:60,0
DA:65,0
DA:66,0
DA:67,0
DA:71,0
DA:73,0
DA:77,0
DA:80,0
DA:81,0
DA:83,0
DA:84,0
DA:85,0
DA:87,0
DA:97,2
DA:99,2
DA:101,2
DA:102,2
DA:104,2
DA:107,0
DA:108,0
DA:109,0
DA:113,2
DA:114,2
DA:115,2
DA:117,2
DA:119,2
DA:120,2
DA:121,0
DA:128,2
DA:129,2
DA:131,4
DA:133,0
DA:134,0
DA:135,0
DA:136,0
DA:137,0
DA:154,0
DA:161,0
DA:162,0
DA:163,0
DA:164,0
DA:165,0
DA:166,0
DA:175,0
DA:177,0
DA:179,0
DA:181,0
DA:184,0
DA:186,0
DA:187,0
DA:188,0
DA:193,0
DA:194,0
DA:195,0
DA:197,0
DA:200,0
LF:74
LH:23
end_of_record
